This is pdfTeX, Version 3.1415926-2.4-1.40.13 (MiKTeX 2.9) (preloaded format=pdftex 2015.1.2)  7 JAN 2015 09:40
entering extended mode
**C:/Users/Hanna/OneDrive/Dokumente/EBV/ebvb4/Bericht/edbv_lit.bib
(C:/Users/Hanna/OneDrive/Dokumente/EBV/ebvb4/Bericht/edbv_lit.bib
Missing character: There is no Ã in font cmr10!
Missing character: There is no ¼ in font cmr10!

! Missing $ inserted.
<inserted text> 
                $
<to be read again> 
                   _
l.38  	issue_
             date = {October 1983},
? 
! Emergency stop.
<inserted text> 
                $
<to be read again> 
                   _
l.38  	issue_
             date = {October 1983},
End of file on the terminal!

!  ==> Fatal error occurred, no output PDF file produced!
